{"/home/nicole/ecommerce-backend/src/business/OrderBusiness.ts": {"path":"/home/nicole/ecommerce-backend/src/business/OrderBusiness.ts","statementMap":{"0":{"start":{"line":4,"column":0},"end":{"line":4,"column":52}},"1":{"start":{"line":5,"column":0},"end":{"line":5,"column":120}},"2":{"start":{"line":10,"column":16},"end":{"line":10,"column":44}},"3":{"start":{"line":11,"column":16},"end":{"line":11,"column":58}},"4":{"start":{"line":12,"column":16},"end":{"line":12,"column":48}},"5":{"start":{"line":13,"column":16},"end":{"line":13,"column":40}},"6":{"start":{"line":16,"column":11},"end":{"line":107,"column":null}},"7":{"start":{"line":18,"column":53},"end":{"line":18,"column":58}},"8":{"start":{"line":20,"column":8},"end":{"line":22,"column":null}},"9":{"start":{"line":21,"column":12},"end":{"line":21,"column":null}},"10":{"start":{"line":24,"column":8},"end":{"line":26,"column":null}},"11":{"start":{"line":25,"column":12},"end":{"line":25,"column":null}},"12":{"start":{"line":28,"column":8},"end":{"line":30,"column":null}},"13":{"start":{"line":29,"column":12},"end":{"line":29,"column":null}},"14":{"start":{"line":32,"column":8},"end":{"line":34,"column":null}},"15":{"start":{"line":33,"column":12},"end":{"line":33,"column":null}},"16":{"start":{"line":36,"column":27},"end":{"line":36,"column":49}},"17":{"start":{"line":37,"column":24},"end":{"line":37,"column":77}},"18":{"start":{"line":38,"column":21},"end":{"line":38,"column":52}},"19":{"start":{"line":40,"column":8},"end":{"line":42,"column":null}},"20":{"start":{"line":41,"column":12},"end":{"line":41,"column":null}},"21":{"start":{"line":44,"column":31},"end":{"line":54,"column":10}},"22":{"start":{"line":45,"column":12},"end":{"line":47,"column":null}},"23":{"start":{"line":46,"column":16},"end":{"line":46,"column":null}},"24":{"start":{"line":49,"column":12},"end":{"line":53,"column":null}},"25":{"start":{"line":56,"column":8},"end":{"line":62,"column":null}},"26":{"start":{"line":57,"column":30},"end":{"line":57,"column":74}},"27":{"start":{"line":58,"column":26},"end":{"line":58,"column":71}},"28":{"start":{"line":60,"column":12},"end":{"line":60,"column":null}},"29":{"start":{"line":61,"column":12},"end":{"line":61,"column":null}},"30":{"start":{"line":64,"column":8},"end":{"line":70,"column":null}},"31":{"start":{"line":65,"column":24},"end":{"line":65,"column":72}},"32":{"start":{"line":67,"column":12},"end":{"line":69,"column":null}},"33":{"start":{"line":68,"column":16},"end":{"line":68,"column":null}},"34":{"start":{"line":72,"column":24},"end":{"line":72,"column":51}},"35":{"start":{"line":74,"column":8},"end":{"line":74,"column":null}},"36":{"start":{"line":76,"column":8},"end":{"line":84,"column":null}},"37":{"start":{"line":77,"column":44},"end":{"line":81,"column":null}},"38":{"start":{"line":83,"column":12},"end":{"line":83,"column":null}},"39":{"start":{"line":86,"column":22},"end":{"line":88,"column":null}},"40":{"start":{"line":87,"column":31},"end":{"line":87,"column":71}},"41":{"start":{"line":91,"column":8},"end":{"line":93,"column":null}},"42":{"start":{"line":92,"column":12},"end":{"line":92,"column":null}},"43":{"start":{"line":95,"column":48},"end":{"line":104,"column":null}},"44":{"start":{"line":106,"column":8},"end":{"line":106,"column":null}},"45":{"start":{"line":109,"column":11},"end":{"line":153,"column":null}},"46":{"start":{"line":111,"column":25},"end":{"line":111,"column":61}},"47":{"start":{"line":113,"column":32},"end":{"line":113,"column":34}},"48":{"start":{"line":115,"column":8},"end":{"line":136,"column":null}},"49":{"start":{"line":116,"column":26},"end":{"line":120,"column":null}},"50":{"start":{"line":123,"column":38},"end":{"line":124,"column":69}},"51":{"start":{"line":126,"column":12},"end":{"line":131,"column":null}},"52":{"start":{"line":127,"column":30},"end":{"line":127,"column":91}},"53":{"start":{"line":128,"column":29},"end":{"line":128,"column":89}},"54":{"start":{"line":129,"column":16},"end":{"line":129,"column":null}},"55":{"start":{"line":130,"column":16},"end":{"line":130,"column":null}},"56":{"start":{"line":133,"column":12},"end":{"line":133,"column":null}},"57":{"start":{"line":135,"column":12},"end":{"line":135,"column":null}},"58":{"start":{"line":138,"column":46},"end":{"line":150,"column":null}},"59":{"start":{"line":139,"column":43},"end":{"line":149,"column":14}},"60":{"start":{"line":143,"column":66},"end":{"line":147,"column":18}},"61":{"start":{"line":152,"column":8},"end":{"line":152,"column":null}},"62":{"start":{"line":8,"column":0},"end":{"line":8,"column":13}}},"fnMap":{"0":{"name":"(anonymous_0)","decl":{"start":{"line":9,"column":4},"end":{"line":9,"column":null}},"loc":{"start":{"line":13,"column":40},"end":{"line":14,"column":9}}},"1":{"name":"(anonymous_1)","decl":{"start":{"line":16,"column":25},"end":{"line":16,"column":30}},"loc":{"start":{"line":16,"column":95},"end":{"line":107,"column":5}}},"2":{"name":"(anonymous_2)","decl":{"start":{"line":44,"column":44},"end":{"line":44,"column":45}},"loc":{"start":{"line":44,"column":56},"end":{"line":54,"column":9}}},"3":{"name":"(anonymous_3)","decl":{"start":{"line":87,"column":12},"end":{"line":87,"column":13}},"loc":{"start":{"line":87,"column":31},"end":{"line":87,"column":71}}},"4":{"name":"(anonymous_4)","decl":{"start":{"line":109,"column":23},"end":{"line":109,"column":28}},"loc":{"start":{"line":109,"column":64},"end":{"line":153,"column":5}}},"5":{"name":"(anonymous_5)","decl":{"start":{"line":139,"column":31},"end":{"line":139,"column":32}},"loc":{"start":{"line":139,"column":43},"end":{"line":149,"column":14}}},"6":{"name":"(anonymous_6)","decl":{"start":{"line":143,"column":55},"end":{"line":143,"column":56}},"loc":{"start":{"line":143,"column":66},"end":{"line":147,"column":18}}}},"branchMap":{"0":{"loc":{"start":{"line":20,"column":8},"end":{"line":22,"column":null}},"type":"if","locations":[{"start":{"line":20,"column":8},"end":{"line":22,"column":null}}]},"1":{"loc":{"start":{"line":24,"column":8},"end":{"line":26,"column":null}},"type":"if","locations":[{"start":{"line":24,"column":8},"end":{"line":26,"column":null}}]},"2":{"loc":{"start":{"line":28,"column":8},"end":{"line":30,"column":null}},"type":"if","locations":[{"start":{"line":28,"column":8},"end":{"line":30,"column":null}}]},"3":{"loc":{"start":{"line":32,"column":8},"end":{"line":34,"column":null}},"type":"if","locations":[{"start":{"line":32,"column":8},"end":{"line":34,"column":null}}]},"4":{"loc":{"start":{"line":40,"column":8},"end":{"line":42,"column":null}},"type":"if","locations":[{"start":{"line":40,"column":8},"end":{"line":42,"column":null}}]},"5":{"loc":{"start":{"line":40,"column":12},"end":{"line":40,"column":48}},"type":"binary-expr","locations":[{"start":{"line":40,"column":12},"end":{"line":40,"column":21}},{"start":{"line":40,"column":25},"end":{"line":40,"column":48}}]},"6":{"loc":{"start":{"line":45,"column":12},"end":{"line":47,"column":null}},"type":"if","locations":[{"start":{"line":45,"column":12},"end":{"line":47,"column":null}}]},"7":{"loc":{"start":{"line":67,"column":12},"end":{"line":69,"column":null}},"type":"if","locations":[{"start":{"line":67,"column":12},"end":{"line":69,"column":null}}]},"8":{"loc":{"start":{"line":67,"column":16},"end":{"line":67,"column":46}},"type":"binary-expr","locations":[{"start":{"line":67,"column":16},"end":{"line":67,"column":38}},{"start":{"line":67,"column":42},"end":{"line":67,"column":46}}]}},"s":{"0":1,"1":1,"2":1,"3":1,"4":1,"5":1,"6":1,"7":7,"8":7,"9":1,"10":6,"11":0,"12":6,"13":1,"14":5,"15":1,"16":4,"17":4,"18":4,"19":4,"20":1,"21":3,"22":3,"23":1,"24":2,"25":2,"26":2,"27":2,"28":2,"29":2,"30":2,"31":2,"32":2,"33":1,"34":1,"35":1,"36":1,"37":1,"38":1,"39":1,"40":1,"41":1,"42":1,"43":1,"44":1,"45":1,"46":1,"47":1,"48":1,"49":3,"50":3,"51":3,"52":9,"53":9,"54":9,"55":9,"56":3,"57":3,"58":1,"59":3,"60":9,"61":1,"62":1},"f":{"0":1,"1":7,"2":3,"3":1,"4":1,"5":3,"6":9},"b":{"0":[1],"1":[0],"2":[1],"3":[1],"4":[1],"5":[4,4],"6":[1],"7":[1],"8":[2,1]}}
,"/home/nicole/ecommerce-backend/src/business/ProductBusiness.ts": {"path":"/home/nicole/ecommerce-backend/src/business/ProductBusiness.ts","statementMap":{"0":{"start":{"line":2,"column":0},"end":{"line":2,"column":66}},"1":{"start":{"line":6,"column":16},"end":{"line":6,"column":48}},"2":{"start":{"line":9,"column":11},"end":{"line":38,"column":null}},"3":{"start":{"line":11,"column":27},"end":{"line":11,"column":73}},"4":{"start":{"line":13,"column":36},"end":{"line":13,"column":38}},"5":{"start":{"line":15,"column":8},"end":{"line":24,"column":null}},"6":{"start":{"line":16,"column":28},"end":{"line":20,"column":null}},"7":{"start":{"line":23,"column":12},"end":{"line":23,"column":null}},"8":{"start":{"line":26,"column":48},"end":{"line":34,"column":null}},"9":{"start":{"line":28,"column":49},"end":{"line":33,"column":14}},"10":{"start":{"line":37,"column":8},"end":{"line":37,"column":null}},"11":{"start":{"line":4,"column":0},"end":{"line":4,"column":13}}},"fnMap":{"0":{"name":"(anonymous_0)","decl":{"start":{"line":5,"column":4},"end":{"line":5,"column":null}},"loc":{"start":{"line":6,"column":48},"end":{"line":7,"column":9}}},"1":{"name":"(anonymous_1)","decl":{"start":{"line":9,"column":28},"end":{"line":9,"column":33}},"loc":{"start":{"line":9,"column":71},"end":{"line":38,"column":5}}},"2":{"name":"(anonymous_2)","decl":{"start":{"line":28,"column":35},"end":{"line":28,"column":36}},"loc":{"start":{"line":28,"column":49},"end":{"line":33,"column":14}}}},"branchMap":{},"s":{"0":1,"1":1,"2":1,"3":1,"4":1,"5":1,"6":3,"7":3,"8":1,"9":3,"10":1,"11":1},"f":{"0":1,"1":1,"2":3},"b":{}}
,"/home/nicole/ecommerce-backend/src/database/BaseDatabase.ts": {"path":"/home/nicole/ecommerce-backend/src/database/BaseDatabase.ts","statementMap":{"0":{"start":{"line":1,"column":0},"end":{"line":1,"column":23}},"1":{"start":{"line":2,"column":0},"end":{"line":2,"column":27}},"2":{"start":{"line":4,"column":0},"end":{"line":4,"column":null}},"3":{"start":{"line":6,"column":0},"end":{"line":6,"column":22}},"4":{"start":{"line":7,"column":21},"end":{"line":17,"column":null}}},"fnMap":{},"branchMap":{},"s":{"0":2,"1":2,"2":2,"3":2,"4":2},"f":{},"b":{}}
,"/home/nicole/ecommerce-backend/src/errors/BaseError.ts": {"path":"/home/nicole/ecommerce-backend/src/errors/BaseError.ts","statementMap":{"0":{"start":{"line":6,"column":8},"end":{"line":6,"column":null}},"1":{"start":{"line":3,"column":15},"end":{"line":3,"column":33}},"2":{"start":{"line":1,"column":0},"end":{"line":1,"column":13}}},"fnMap":{"0":{"name":"(anonymous_0)","decl":{"start":{"line":2,"column":4},"end":{"line":2,"column":null}},"loc":{"start":{"line":4,"column":23},"end":{"line":7,"column":5}}}},"branchMap":{},"s":{"0":6,"1":6,"2":1},"f":{"0":6},"b":{}}
,"/home/nicole/ecommerce-backend/src/errors/ParamsError.ts": {"path":"/home/nicole/ecommerce-backend/src/errors/ParamsError.ts","statementMap":{"0":{"start":{"line":1,"column":0},"end":{"line":1,"column":40}},"1":{"start":{"line":7,"column":8},"end":{"line":7,"column":null}},"2":{"start":{"line":3,"column":0},"end":{"line":3,"column":13}}},"fnMap":{"0":{"name":"(anonymous_0)","decl":{"start":{"line":4,"column":4},"end":{"line":4,"column":null}},"loc":{"start":{"line":5,"column":60},"end":{"line":8,"column":5}}}},"branchMap":{"0":{"loc":{"start":{"line":5,"column":8},"end":{"line":5,"column":60}},"type":"default-arg","locations":[{"start":{"line":5,"column":26},"end":{"line":5,"column":60}}]}},"s":{"0":1,"1":6,"2":1},"f":{"0":6},"b":{"0":[0]}}
,"/home/nicole/ecommerce-backend/src/models/Order.ts": {"path":"/home/nicole/ecommerce-backend/src/models/Order.ts","statementMap":{"0":{"start":{"line":30,"column":16},"end":{"line":30,"column":26}},"1":{"start":{"line":31,"column":16},"end":{"line":31,"column":32}},"2":{"start":{"line":32,"column":16},"end":{"line":32,"column":34}},"3":{"start":{"line":33,"column":16},"end":{"line":33,"column":43}},"4":{"start":{"line":28,"column":12},"end":{"line":28,"column":null}},"5":{"start":{"line":38,"column":12},"end":{"line":44,"column":null}},"6":{"start":{"line":39,"column":22},"end":{"line":41,"column":null}},"7":{"start":{"line":40,"column":30},"end":{"line":40,"column":65}},"8":{"start":{"line":43,"column":8},"end":{"line":43,"column":null}},"9":{"start":{"line":46,"column":11},"end":{"line":48,"column":null}},"10":{"start":{"line":47,"column":8},"end":{"line":47,"column":null}},"11":{"start":{"line":50,"column":11},"end":{"line":52,"column":null}},"12":{"start":{"line":51,"column":8},"end":{"line":51,"column":null}},"13":{"start":{"line":54,"column":11},"end":{"line":56,"column":null}},"14":{"start":{"line":55,"column":8},"end":{"line":55,"column":null}},"15":{"start":{"line":58,"column":11},"end":{"line":60,"column":null}},"16":{"start":{"line":59,"column":8},"end":{"line":59,"column":null}},"17":{"start":{"line":62,"column":11},"end":{"line":65,"column":null}},"18":{"start":{"line":63,"column":8},"end":{"line":63,"column":null}},"19":{"start":{"line":64,"column":8},"end":{"line":64,"column":null}},"20":{"start":{"line":67,"column":11},"end":{"line":69,"column":null}},"21":{"start":{"line":68,"column":8},"end":{"line":68,"column":null}},"22":{"start":{"line":71,"column":11},"end":{"line":73,"column":null}},"23":{"start":{"line":72,"column":8},"end":{"line":72,"column":null}},"24":{"start":{"line":72,"column":55},"end":{"line":72,"column":83}},"25":{"start":{"line":75,"column":11},"end":{"line":77,"column":null}},"26":{"start":{"line":76,"column":8},"end":{"line":76,"column":null}},"27":{"start":{"line":35,"column":8},"end":{"line":35,"column":null}},"28":{"start":{"line":27,"column":0},"end":{"line":27,"column":13}}},"fnMap":{"0":{"name":"(anonymous_0)","decl":{"start":{"line":29,"column":4},"end":{"line":29,"column":null}},"loc":{"start":{"line":33,"column":43},"end":{"line":36,"column":5}}},"1":{"name":"(anonymous_1)","decl":{"start":{"line":38,"column":29},"end":{"line":38,"column":32}},"loc":{"start":{"line":38,"column":34},"end":{"line":44,"column":5}}},"2":{"name":"(anonymous_2)","decl":{"start":{"line":40,"column":12},"end":{"line":40,"column":13}},"loc":{"start":{"line":40,"column":30},"end":{"line":40,"column":65}}},"3":{"name":"(anonymous_3)","decl":{"start":{"line":46,"column":19},"end":{"line":46,"column":22}},"loc":{"start":{"line":46,"column":24},"end":{"line":48,"column":5}}},"4":{"name":"(anonymous_4)","decl":{"start":{"line":50,"column":25},"end":{"line":50,"column":28}},"loc":{"start":{"line":50,"column":30},"end":{"line":52,"column":5}}},"5":{"name":"(anonymous_5)","decl":{"start":{"line":54,"column":29},"end":{"line":54,"column":32}},"loc":{"start":{"line":54,"column":34},"end":{"line":56,"column":5}}},"6":{"name":"(anonymous_6)","decl":{"start":{"line":58,"column":30},"end":{"line":58,"column":33}},"loc":{"start":{"line":58,"column":35},"end":{"line":60,"column":5}}},"7":{"name":"(anonymous_7)","decl":{"start":{"line":62,"column":30},"end":{"line":62,"column":31}},"loc":{"start":{"line":62,"column":65},"end":{"line":65,"column":5}}},"8":{"name":"(anonymous_8)","decl":{"start":{"line":67,"column":30},"end":{"line":67,"column":31}},"loc":{"start":{"line":67,"column":63},"end":{"line":69,"column":5}}},"9":{"name":"(anonymous_9)","decl":{"start":{"line":71,"column":33},"end":{"line":71,"column":34}},"loc":{"start":{"line":71,"column":56},"end":{"line":73,"column":5}}},"10":{"name":"(anonymous_10)","decl":{"start":{"line":72,"column":41},"end":{"line":72,"column":51}},"loc":{"start":{"line":72,"column":55},"end":{"line":72,"column":83}}},"11":{"name":"(anonymous_11)","decl":{"start":{"line":75,"column":22},"end":{"line":75,"column":25}},"loc":{"start":{"line":75,"column":27},"end":{"line":77,"column":5}}}},"branchMap":{},"s":{"0":3,"1":3,"2":3,"3":3,"4":3,"5":3,"6":6,"7":9,"8":6,"9":3,"10":6,"11":3,"12":3,"13":3,"14":3,"15":3,"16":3,"17":3,"18":3,"19":3,"20":3,"21":0,"22":3,"23":0,"24":0,"25":3,"26":3,"27":3,"28":1},"f":{"0":3,"1":6,"2":9,"3":6,"4":3,"5":3,"6":3,"7":3,"8":0,"9":0,"10":0,"11":3},"b":{}}
,"/home/nicole/ecommerce-backend/src/models/Product.ts": {"path":"/home/nicole/ecommerce-backend/src/models/Product.ts","statementMap":{"0":{"start":{"line":10,"column":16},"end":{"line":10,"column":26}},"1":{"start":{"line":11,"column":16},"end":{"line":11,"column":28}},"2":{"start":{"line":12,"column":16},"end":{"line":12,"column":29}},"3":{"start":{"line":13,"column":16},"end":{"line":13,"column":33}},"4":{"start":{"line":16,"column":11},"end":{"line":18,"column":null}},"5":{"start":{"line":17,"column":8},"end":{"line":17,"column":null}},"6":{"start":{"line":20,"column":11},"end":{"line":22,"column":null}},"7":{"start":{"line":21,"column":8},"end":{"line":21,"column":null}},"8":{"start":{"line":24,"column":11},"end":{"line":26,"column":null}},"9":{"start":{"line":25,"column":8},"end":{"line":25,"column":null}},"10":{"start":{"line":28,"column":11},"end":{"line":30,"column":null}},"11":{"start":{"line":29,"column":8},"end":{"line":29,"column":null}},"12":{"start":{"line":8,"column":0},"end":{"line":8,"column":13}}},"fnMap":{"0":{"name":"(anonymous_0)","decl":{"start":{"line":9,"column":4},"end":{"line":9,"column":null}},"loc":{"start":{"line":13,"column":33},"end":{"line":14,"column":8}}},"1":{"name":"(anonymous_1)","decl":{"start":{"line":16,"column":19},"end":{"line":16,"column":22}},"loc":{"start":{"line":16,"column":24},"end":{"line":18,"column":5}}},"2":{"name":"(anonymous_2)","decl":{"start":{"line":20,"column":21},"end":{"line":20,"column":24}},"loc":{"start":{"line":20,"column":26},"end":{"line":22,"column":5}}},"3":{"name":"(anonymous_3)","decl":{"start":{"line":24,"column":22},"end":{"line":24,"column":25}},"loc":{"start":{"line":24,"column":27},"end":{"line":26,"column":5}}},"4":{"name":"(anonymous_4)","decl":{"start":{"line":28,"column":25},"end":{"line":28,"column":28}},"loc":{"start":{"line":28,"column":30},"end":{"line":30,"column":5}}}},"branchMap":{},"s":{"0":3,"1":3,"2":3,"3":3,"4":3,"5":0,"6":3,"7":3,"8":3,"9":3,"10":3,"11":3,"12":1},"f":{"0":3,"1":0,"2":3,"3":3,"4":3},"b":{}}
,"/home/nicole/ecommerce-backend/tests/mocks/OrderDatabaseMock.ts": {"path":"/home/nicole/ecommerce-backend/tests/mocks/OrderDatabaseMock.ts","statementMap":{"0":{"start":{"line":1,"column":0},"end":{"line":1,"column":62}},"1":{"start":{"line":7,"column":11},"end":{"line":9,"column":null}},"2":{"start":{"line":11,"column":11},"end":{"line":18,"column":null}},"3":{"start":{"line":13,"column":8},"end":{"line":13,"column":null}},"4":{"start":{"line":13,"column":22},"end":{"line":13,"column":null}},"5":{"start":{"line":14,"column":8},"end":{"line":14,"column":null}},"6":{"start":{"line":14,"column":22},"end":{"line":14,"column":null}},"7":{"start":{"line":15,"column":8},"end":{"line":15,"column":null}},"8":{"start":{"line":15,"column":22},"end":{"line":15,"column":null}},"9":{"start":{"line":17,"column":8},"end":{"line":17,"column":null}},"10":{"start":{"line":20,"column":11},"end":{"line":27,"column":null}},"11":{"start":{"line":22,"column":8},"end":{"line":22,"column":null}},"12":{"start":{"line":22,"column":22},"end":{"line":22,"column":null}},"13":{"start":{"line":23,"column":8},"end":{"line":23,"column":null}},"14":{"start":{"line":23,"column":22},"end":{"line":23,"column":null}},"15":{"start":{"line":24,"column":8},"end":{"line":24,"column":null}},"16":{"start":{"line":24,"column":22},"end":{"line":24,"column":null}},"17":{"start":{"line":26,"column":8},"end":{"line":26,"column":null}},"18":{"start":{"line":29,"column":11},"end":{"line":36,"column":null}},"19":{"start":{"line":31,"column":8},"end":{"line":31,"column":null}},"20":{"start":{"line":31,"column":30},"end":{"line":31,"column":null}},"21":{"start":{"line":32,"column":8},"end":{"line":32,"column":null}},"22":{"start":{"line":32,"column":30},"end":{"line":32,"column":null}},"23":{"start":{"line":33,"column":8},"end":{"line":33,"column":null}},"24":{"start":{"line":33,"column":30},"end":{"line":33,"column":null}},"25":{"start":{"line":35,"column":8},"end":{"line":35,"column":null}},"26":{"start":{"line":38,"column":11},"end":{"line":45,"column":null}},"27":{"start":{"line":40,"column":8},"end":{"line":40,"column":null}},"28":{"start":{"line":40,"column":30},"end":{"line":40,"column":null}},"29":{"start":{"line":41,"column":8},"end":{"line":41,"column":null}},"30":{"start":{"line":41,"column":30},"end":{"line":41,"column":null}},"31":{"start":{"line":42,"column":8},"end":{"line":42,"column":null}},"32":{"start":{"line":42,"column":30},"end":{"line":42,"column":null}},"33":{"start":{"line":44,"column":8},"end":{"line":44,"column":null}},"34":{"start":{"line":47,"column":11},"end":{"line":54,"column":null}},"35":{"start":{"line":49,"column":8},"end":{"line":49,"column":null}},"36":{"start":{"line":49,"column":49},"end":{"line":49,"column":null}},"37":{"start":{"line":50,"column":8},"end":{"line":50,"column":null}},"38":{"start":{"line":50,"column":53},"end":{"line":50,"column":null}},"39":{"start":{"line":51,"column":8},"end":{"line":51,"column":null}},"40":{"start":{"line":51,"column":55},"end":{"line":51,"column":null}},"41":{"start":{"line":53,"column":8},"end":{"line":53,"column":null}},"42":{"start":{"line":56,"column":11},"end":{"line":77,"column":null}},"43":{"start":{"line":58,"column":27},"end":{"line":75,"column":null}},"44":{"start":{"line":76,"column":8},"end":{"line":76,"column":null}},"45":{"start":{"line":4,"column":0},"end":{"line":4,"column":13}},"46":{"start":{"line":5,"column":18},"end":{"line":5,"column":null}}},"fnMap":{"0":{"name":"(anonymous_0)","decl":{"start":{"line":4,"column":0},"end":{"line":4,"column":13}},"loc":{"start":{"line":4,"column":0},"end":{"line":78,"column":1}}},"1":{"name":"(anonymous_1)","decl":{"start":{"line":7,"column":25},"end":{"line":7,"column":30}},"loc":{"start":{"line":7,"column":104},"end":{"line":9,"column":5}}},"2":{"name":"(anonymous_2)","decl":{"start":{"line":11,"column":25},"end":{"line":11,"column":30}},"loc":{"start":{"line":11,"column":63},"end":{"line":18,"column":5}}},"3":{"name":"(anonymous_3)","decl":{"start":{"line":20,"column":22},"end":{"line":20,"column":27}},"loc":{"start":{"line":20,"column":60},"end":{"line":27,"column":5}}},"4":{"name":"(anonymous_4)","decl":{"start":{"line":29,"column":26},"end":{"line":29,"column":31}},"loc":{"start":{"line":29,"column":72},"end":{"line":36,"column":5}}},"5":{"name":"(anonymous_5)","decl":{"start":{"line":38,"column":25},"end":{"line":38,"column":30}},"loc":{"start":{"line":38,"column":54},"end":{"line":45,"column":5}}},"6":{"name":"(anonymous_6)","decl":{"start":{"line":47,"column":19},"end":{"line":47,"column":24}},"loc":{"start":{"line":47,"column":59},"end":{"line":54,"column":5}}},"7":{"name":"(anonymous_7)","decl":{"start":{"line":56,"column":23},"end":{"line":56,"column":28}},"loc":{"start":{"line":56,"column":34},"end":{"line":77,"column":5}}}},"branchMap":{"0":{"loc":{"start":{"line":13,"column":8},"end":{"line":13,"column":null}},"type":"if","locations":[{"start":{"line":13,"column":8},"end":{"line":13,"column":null}}]},"1":{"loc":{"start":{"line":14,"column":8},"end":{"line":14,"column":null}},"type":"if","locations":[{"start":{"line":14,"column":8},"end":{"line":14,"column":null}}]},"2":{"loc":{"start":{"line":15,"column":8},"end":{"line":15,"column":null}},"type":"if","locations":[{"start":{"line":15,"column":8},"end":{"line":15,"column":null}}]},"3":{"loc":{"start":{"line":22,"column":8},"end":{"line":22,"column":null}},"type":"if","locations":[{"start":{"line":22,"column":8},"end":{"line":22,"column":null}}]},"4":{"loc":{"start":{"line":23,"column":8},"end":{"line":23,"column":null}},"type":"if","locations":[{"start":{"line":23,"column":8},"end":{"line":23,"column":null}}]},"5":{"loc":{"start":{"line":24,"column":8},"end":{"line":24,"column":null}},"type":"if","locations":[{"start":{"line":24,"column":8},"end":{"line":24,"column":null}}]},"6":{"loc":{"start":{"line":31,"column":8},"end":{"line":31,"column":null}},"type":"if","locations":[{"start":{"line":31,"column":8},"end":{"line":31,"column":null}}]},"7":{"loc":{"start":{"line":32,"column":8},"end":{"line":32,"column":null}},"type":"if","locations":[{"start":{"line":32,"column":8},"end":{"line":32,"column":null}}]},"8":{"loc":{"start":{"line":33,"column":8},"end":{"line":33,"column":null}},"type":"if","locations":[{"start":{"line":33,"column":8},"end":{"line":33,"column":null}}]},"9":{"loc":{"start":{"line":40,"column":8},"end":{"line":40,"column":null}},"type":"if","locations":[{"start":{"line":40,"column":8},"end":{"line":40,"column":null}}]},"10":{"loc":{"start":{"line":41,"column":8},"end":{"line":41,"column":null}},"type":"if","locations":[{"start":{"line":41,"column":8},"end":{"line":41,"column":null}}]},"11":{"loc":{"start":{"line":42,"column":8},"end":{"line":42,"column":null}},"type":"if","locations":[{"start":{"line":42,"column":8},"end":{"line":42,"column":null}}]},"12":{"loc":{"start":{"line":49,"column":8},"end":{"line":49,"column":null}},"type":"if","locations":[{"start":{"line":49,"column":8},"end":{"line":49,"column":null}}]},"13":{"loc":{"start":{"line":50,"column":8},"end":{"line":50,"column":null}},"type":"if","locations":[{"start":{"line":50,"column":8},"end":{"line":50,"column":null}}]},"14":{"loc":{"start":{"line":51,"column":8},"end":{"line":51,"column":null}},"type":"if","locations":[{"start":{"line":51,"column":8},"end":{"line":51,"column":null}}]}},"s":{"0":1,"1":1,"2":1,"3":2,"4":1,"5":1,"6":0,"7":1,"8":0,"9":1,"10":1,"11":2,"12":0,"13":2,"14":0,"15":2,"16":0,"17":2,"18":1,"19":9,"20":0,"21":9,"22":0,"23":9,"24":0,"25":9,"26":1,"27":9,"28":0,"29":9,"30":0,"31":9,"32":0,"33":9,"34":1,"35":2,"36":1,"37":1,"38":0,"39":1,"40":0,"41":1,"42":1,"43":1,"44":1,"45":1,"46":1},"f":{"0":1,"1":1,"2":2,"3":2,"4":9,"5":9,"6":2,"7":1},"b":{"0":[1],"1":[0],"2":[0],"3":[0],"4":[0],"5":[0],"6":[0],"7":[0],"8":[0],"9":[0],"10":[0],"11":[0],"12":[1],"13":[0],"14":[0]}}
,"/home/nicole/ecommerce-backend/tests/mocks/ProductDatabaseMock.ts": {"path":"/home/nicole/ecommerce-backend/tests/mocks/ProductDatabaseMock.ts","statementMap":{"0":{"start":{"line":1,"column":0},"end":{"line":1,"column":62}},"1":{"start":{"line":8,"column":12},"end":{"line":17,"column":null}},"2":{"start":{"line":9,"column":38},"end":{"line":14,"column":null}},"3":{"start":{"line":16,"column":8},"end":{"line":16,"column":null}},"4":{"start":{"line":19,"column":11},"end":{"line":42,"column":null}},"5":{"start":{"line":21,"column":43},"end":{"line":40,"column":null}},"6":{"start":{"line":41,"column":8},"end":{"line":41,"column":null}},"7":{"start":{"line":44,"column":11},"end":{"line":46,"column":null}},"8":{"start":{"line":5,"column":0},"end":{"line":5,"column":13}},"9":{"start":{"line":6,"column":18},"end":{"line":6,"column":null}}},"fnMap":{"0":{"name":"(anonymous_0)","decl":{"start":{"line":5,"column":0},"end":{"line":5,"column":13}},"loc":{"start":{"line":5,"column":0},"end":{"line":48,"column":1}}},"1":{"name":"(anonymous_1)","decl":{"start":{"line":8,"column":31},"end":{"line":8,"column":32}},"loc":{"start":{"line":8,"column":52},"end":{"line":17,"column":5}}},"2":{"name":"(anonymous_2)","decl":{"start":{"line":19,"column":31},"end":{"line":19,"column":36}},"loc":{"start":{"line":19,"column":65},"end":{"line":42,"column":5}}},"3":{"name":"(anonymous_3)","decl":{"start":{"line":44,"column":25},"end":{"line":44,"column":30}},"loc":{"start":{"line":44,"column":73},"end":{"line":46,"column":5}}}},"branchMap":{},"s":{"0":2,"1":2,"2":0,"3":0,"4":2,"5":1,"6":1,"7":2,"8":2,"9":2},"f":{"0":2,"1":0,"2":1,"3":1},"b":{}}
,"/home/nicole/ecommerce-backend/tests/mocks/ProductOrderDatabaseMock.ts": {"path":"/home/nicole/ecommerce-backend/tests/mocks/ProductOrderDatabaseMock.ts","statementMap":{"0":{"start":{"line":1,"column":0},"end":{"line":1,"column":62}},"1":{"start":{"line":9,"column":11},"end":{"line":11,"column":null}},"2":{"start":{"line":13,"column":11},"end":{"line":33,"column":null}},"3":{"start":{"line":15,"column":50},"end":{"line":31,"column":null}},"4":{"start":{"line":32,"column":8},"end":{"line":32,"column":null}},"5":{"start":{"line":6,"column":0},"end":{"line":6,"column":13}},"6":{"start":{"line":7,"column":18},"end":{"line":7,"column":null}}},"fnMap":{"0":{"name":"(anonymous_0)","decl":{"start":{"line":6,"column":0},"end":{"line":6,"column":13}},"loc":{"start":{"line":6,"column":0},"end":{"line":34,"column":1}}},"1":{"name":"(anonymous_1)","decl":{"start":{"line":9,"column":31},"end":{"line":9,"column":36}},"loc":{"start":{"line":9,"column":80},"end":{"line":11,"column":5}}},"2":{"name":"(anonymous_2)","decl":{"start":{"line":13,"column":26},"end":{"line":13,"column":31}},"loc":{"start":{"line":13,"column":77},"end":{"line":33,"column":5}}}},"branchMap":{},"s":{"0":1,"1":1,"2":1,"3":3,"4":3,"5":1,"6":1},"f":{"0":1,"1":1,"2":3},"b":{}}
,"/home/nicole/ecommerce-backend/tests/mocks/idGeneratorMock.ts": {"path":"/home/nicole/ecommerce-backend/tests/mocks/idGeneratorMock.ts","statementMap":{"0":{"start":{"line":2,"column":11},"end":{"line":4,"column":null}},"1":{"start":{"line":3,"column":8},"end":{"line":3,"column":null}},"2":{"start":{"line":1,"column":0},"end":{"line":1,"column":13}}},"fnMap":{"0":{"name":"(anonymous_0)","decl":{"start":{"line":1,"column":0},"end":{"line":1,"column":13}},"loc":{"start":{"line":1,"column":0},"end":{"line":5,"column":1}}},"1":{"name":"(anonymous_1)","decl":{"start":{"line":2,"column":22},"end":{"line":2,"column":33}},"loc":{"start":{"line":2,"column":35},"end":{"line":4,"column":5}}}},"branchMap":{},"s":{"0":1,"1":1,"2":1},"f":{"0":1,"1":1},"b":{}}
}
