TN:
SF:src/business/OrderBusiness.ts
FN:9,(anonymous_0)
FN:16,(anonymous_1)
FN:44,(anonymous_2)
FN:87,(anonymous_3)
FN:109,(anonymous_4)
FN:139,(anonymous_5)
FN:143,(anonymous_6)
FNF:7
FNH:7
FNDA:1,(anonymous_0)
FNDA:7,(anonymous_1)
FNDA:3,(anonymous_2)
FNDA:1,(anonymous_3)
FNDA:1,(anonymous_4)
FNDA:3,(anonymous_5)
FNDA:9,(anonymous_6)
DA:4,1
DA:5,1
DA:8,1
DA:10,1
DA:11,1
DA:12,1
DA:13,1
DA:16,1
DA:18,7
DA:20,7
DA:21,1
DA:24,6
DA:25,0
DA:28,6
DA:29,1
DA:32,5
DA:33,1
DA:36,4
DA:37,4
DA:38,4
DA:40,4
DA:41,1
DA:44,3
DA:45,3
DA:46,1
DA:49,2
DA:56,2
DA:57,2
DA:58,2
DA:60,2
DA:61,2
DA:64,2
DA:65,2
DA:67,2
DA:68,1
DA:72,1
DA:74,1
DA:76,1
DA:77,1
DA:83,1
DA:86,1
DA:87,1
DA:91,1
DA:92,1
DA:95,1
DA:106,1
DA:109,1
DA:111,1
DA:113,1
DA:115,1
DA:116,3
DA:123,3
DA:126,3
DA:127,9
DA:128,9
DA:129,9
DA:130,9
DA:133,3
DA:135,3
DA:138,1
DA:139,3
DA:143,9
DA:152,1
LF:63
LH:62
BRDA:20,0,0,1
BRDA:24,1,0,0
BRDA:28,2,0,1
BRDA:32,3,0,1
BRDA:40,4,0,1
BRDA:40,5,0,4
BRDA:40,5,1,4
BRDA:45,6,0,1
BRDA:67,7,0,1
BRDA:67,8,0,2
BRDA:67,8,1,1
BRF:11
BRH:10
end_of_record
TN:
SF:src/business/ProductBusiness.ts
FN:5,(anonymous_0)
FN:9,(anonymous_1)
FN:28,(anonymous_2)
FNF:3
FNH:3
FNDA:1,(anonymous_0)
FNDA:1,(anonymous_1)
FNDA:3,(anonymous_2)
DA:2,1
DA:4,1
DA:6,1
DA:9,1
DA:11,1
DA:13,1
DA:15,1
DA:16,3
DA:23,3
DA:26,1
DA:28,3
DA:37,1
LF:12
LH:12
BRF:0
BRH:0
end_of_record
TN:
SF:src/database/BaseDatabase.ts
FNF:0
FNH:0
DA:1,2
DA:2,2
DA:4,2
DA:6,2
DA:7,2
LF:5
LH:5
BRF:0
BRH:0
end_of_record
TN:
SF:src/errors/BaseError.ts
FN:2,(anonymous_0)
FNF:1
FNH:1
FNDA:6,(anonymous_0)
DA:1,1
DA:3,6
DA:6,6
LF:3
LH:3
BRF:0
BRH:0
end_of_record
TN:
SF:src/errors/ParamsError.ts
FN:4,(anonymous_0)
FNF:1
FNH:1
FNDA:6,(anonymous_0)
DA:1,1
DA:3,1
DA:7,6
LF:3
LH:3
BRDA:5,0,0,0
BRF:1
BRH:0
end_of_record
TN:
SF:src/models/Order.ts
FN:29,(anonymous_0)
FN:38,(anonymous_1)
FN:40,(anonymous_2)
FN:46,(anonymous_3)
FN:50,(anonymous_4)
FN:54,(anonymous_5)
FN:58,(anonymous_6)
FN:62,(anonymous_7)
FN:67,(anonymous_8)
FN:71,(anonymous_9)
FN:72,(anonymous_10)
FN:75,(anonymous_11)
FNF:12
FNH:9
FNDA:3,(anonymous_0)
FNDA:6,(anonymous_1)
FNDA:9,(anonymous_2)
FNDA:6,(anonymous_3)
FNDA:3,(anonymous_4)
FNDA:3,(anonymous_5)
FNDA:3,(anonymous_6)
FNDA:3,(anonymous_7)
FNDA:0,(anonymous_8)
FNDA:0,(anonymous_9)
FNDA:0,(anonymous_10)
FNDA:3,(anonymous_11)
DA:27,1
DA:28,3
DA:30,3
DA:31,3
DA:32,3
DA:33,3
DA:35,3
DA:38,3
DA:39,6
DA:40,9
DA:43,6
DA:46,3
DA:47,6
DA:50,3
DA:51,3
DA:54,3
DA:55,3
DA:58,3
DA:59,3
DA:62,3
DA:63,3
DA:64,3
DA:67,3
DA:68,0
DA:71,3
DA:72,0
DA:75,3
DA:76,3
LF:28
LH:26
BRF:0
BRH:0
end_of_record
TN:
SF:src/models/Product.ts
FN:9,(anonymous_0)
FN:16,(anonymous_1)
FN:20,(anonymous_2)
FN:24,(anonymous_3)
FN:28,(anonymous_4)
FNF:5
FNH:4
FNDA:3,(anonymous_0)
FNDA:0,(anonymous_1)
FNDA:3,(anonymous_2)
FNDA:3,(anonymous_3)
FNDA:3,(anonymous_4)
DA:8,1
DA:10,3
DA:11,3
DA:12,3
DA:13,3
DA:16,3
DA:17,0
DA:20,3
DA:21,3
DA:24,3
DA:25,3
DA:28,3
DA:29,3
LF:13
LH:12
BRF:0
BRH:0
end_of_record
TN:
SF:tests/mocks/OrderDatabaseMock.ts
FN:4,(anonymous_0)
FN:7,(anonymous_1)
FN:11,(anonymous_2)
FN:20,(anonymous_3)
FN:29,(anonymous_4)
FN:38,(anonymous_5)
FN:47,(anonymous_6)
FN:56,(anonymous_7)
FNF:8
FNH:8
FNDA:1,(anonymous_0)
FNDA:1,(anonymous_1)
FNDA:2,(anonymous_2)
FNDA:2,(anonymous_3)
FNDA:9,(anonymous_4)
FNDA:9,(anonymous_5)
FNDA:2,(anonymous_6)
FNDA:1,(anonymous_7)
DA:1,1
DA:4,1
DA:5,1
DA:7,1
DA:11,1
DA:13,2
DA:14,1
DA:15,1
DA:17,1
DA:20,1
DA:22,2
DA:23,2
DA:24,2
DA:26,2
DA:29,1
DA:31,9
DA:32,9
DA:33,9
DA:35,9
DA:38,1
DA:40,9
DA:41,9
DA:42,9
DA:44,9
DA:47,1
DA:49,2
DA:50,1
DA:51,1
DA:53,1
DA:56,1
DA:58,1
DA:76,1
LF:32
LH:32
BRDA:13,0,0,1
BRDA:14,1,0,0
BRDA:15,2,0,0
BRDA:22,3,0,0
BRDA:23,4,0,0
BRDA:24,5,0,0
BRDA:31,6,0,0
BRDA:32,7,0,0
BRDA:33,8,0,0
BRDA:40,9,0,0
BRDA:41,10,0,0
BRDA:42,11,0,0
BRDA:49,12,0,1
BRDA:50,13,0,0
BRDA:51,14,0,0
BRF:15
BRH:2
end_of_record
TN:
SF:tests/mocks/ProductDatabaseMock.ts
FN:5,(anonymous_0)
FN:8,(anonymous_1)
FN:19,(anonymous_2)
FN:44,(anonymous_3)
FNF:4
FNH:3
FNDA:2,(anonymous_0)
FNDA:0,(anonymous_1)
FNDA:1,(anonymous_2)
FNDA:1,(anonymous_3)
DA:1,2
DA:5,2
DA:6,2
DA:8,2
DA:9,0
DA:16,0
DA:19,2
DA:21,1
DA:41,1
DA:44,2
LF:10
LH:8
BRF:0
BRH:0
end_of_record
TN:
SF:tests/mocks/ProductOrderDatabaseMock.ts
FN:6,(anonymous_0)
FN:9,(anonymous_1)
FN:13,(anonymous_2)
FNF:3
FNH:3
FNDA:1,(anonymous_0)
FNDA:1,(anonymous_1)
FNDA:3,(anonymous_2)
DA:1,1
DA:6,1
DA:7,1
DA:9,1
DA:13,1
DA:15,3
DA:32,3
LF:7
LH:7
BRF:0
BRH:0
end_of_record
TN:
SF:tests/mocks/idGeneratorMock.ts
FN:1,(anonymous_0)
FN:2,(anonymous_1)
FNF:2
FNH:2
FNDA:1,(anonymous_0)
FNDA:1,(anonymous_1)
DA:1,1
DA:2,1
DA:3,1
LF:3
LH:3
BRF:0
BRH:0
end_of_record
